# Logfile created on Fri Jan 27 00:56:04 EST 2006 by logger.rb/1.5.2.7
[27/Jan/2006:00:56:04 :: 2180] asked to terminate immediately
[27/Jan/2006:00:56:04 :: 2180] terminated by explicit exit
[27/Jan/2006:00:59:11 :: 2032] starting
[27/Jan/2006:01:01:48 :: 2071] starting
[27/Jan/2006:01:01:51 :: 2072] starting
[27/Jan/2006:01:01:54 :: 2073] starting
[27/Jan/2006:01:04:41 :: 2081] starting
[27/Jan/2006:01:04:43 :: 2082] starting
[27/Jan/2006:01:12:05 :: 2082] asked to terminate immediately
[27/Jan/2006:01:12:05 :: 2082] terminated by explicit exit
[27/Jan/2006:01:17:05 :: 2081] asked to terminate immediately
[27/Jan/2006:01:17:05 :: 2081] terminated by explicit exit
[27/Jan/2006:01:22:06 :: 2073] asked to terminate immediately
[27/Jan/2006:01:22:06 :: 2073] terminated by explicit exit
[27/Jan/2006:01:27:06 :: 2072] asked to terminate immediately
[27/Jan/2006:01:27:06 :: 2072] terminated by explicit exit
[27/Jan/2006:01:32:06 :: 2071] asked to terminate immediately
[27/Jan/2006:01:32:06 :: 2071] terminated by explicit exit
[27/Jan/2006:16:16:35 :: 2032] asked to terminate immediately
[27/Jan/2006:16:16:35 :: 2032] terminated by explicit exit
[27/Jan/2006:16:17:11 :: 2912] starting
[27/Jan/2006:16:23:32 :: 2915] starting
[27/Jan/2006:16:23:35 :: 2916] starting
[27/Jan/2006:16:23:38 :: 2917] starting
[27/Jan/2006:16:23:41 :: 2918] starting
[27/Jan/2006:16:23:44 :: 2919] starting
[27/Jan/2006:16:23:49 :: 2920] starting
[27/Jan/2006:16:27:43 :: 2920] asked to terminate immediately
[27/Jan/2006:16:27:43 :: 2920] terminated by explicit exit
[27/Jan/2006:16:33:50 :: 2919] asked to terminate immediately
[27/Jan/2006:16:33:50 :: 2919] terminated by explicit exit
[27/Jan/2006:16:39:05 :: 2918] asked to terminate immediately
[27/Jan/2006:16:39:05 :: 2918] terminated by explicit exit
[27/Jan/2006:16:44:07 :: 2917] asked to terminate immediately
[27/Jan/2006:16:44:07 :: 2917] terminated by explicit exit
[27/Jan/2006:16:47:49 :: 2932] starting
[27/Jan/2006:16:49:25 :: 2932] asked to terminate immediately
[27/Jan/2006:16:49:25 :: 2932] terminated by explicit exit
[27/Jan/2006:16:54:28 :: 2916] asked to terminate immediately
[27/Jan/2006:16:54:28 :: 2916] terminated by explicit exit
[27/Jan/2006:16:56:38 :: 2937] starting
[27/Jan/2006:17:01:58 :: 2937] asked to terminate immediately
[27/Jan/2006:17:01:58 :: 2937] terminated by explicit exit
[27/Jan/2006:17:06:58 :: 2915] asked to terminate immediately
[27/Jan/2006:17:06:58 :: 2915] terminated by explicit exit
[29/Jan/2006:17:59:09 :: 2912] asked to terminate immediately
[29/Jan/2006:17:59:09 :: 2912] terminated by explicit exit
[29/Jan/2006:18:01:43 :: 20281] starting
[29/Jan/2006:18:04:18 :: 20281] asked to terminate immediately
[29/Jan/2006:18:04:18 :: 20281] terminated by explicit exit
[29/Jan/2006:18:04:58 :: 20299] starting
[30/Jan/2006:11:50:50 :: 20299] asked to terminate immediately
[30/Jan/2006:11:50:50 :: 20299] terminated by explicit exit
[30/Jan/2006:11:51:53 :: 22373] starting
[31/Jan/2006:10:57:42 :: 22373] asked to terminate immediately
[31/Jan/2006:10:57:42 :: 22373] terminated by explicit exit
[31/Jan/2006:10:57:51 :: 5713] starting
[31/Jan/2006:11:48:07 :: 8178] starting
[31/Jan/2006:11:52:36 :: 8178] asked to terminate immediately
[31/Jan/2006:11:52:36 :: 8178] terminated by explicit exit
[31/Jan/2006:14:10:26 :: 8390] starting
[31/Jan/2006:14:10:30 :: 8391] starting
[31/Jan/2006:14:13:23 :: 8394] starting
[31/Jan/2006:14:13:26 :: 8395] starting
[31/Jan/2006:14:13:29 :: 8396] starting
[31/Jan/2006:14:13:32 :: 8397] starting
[31/Jan/2006:14:13:35 :: 8398] starting
[31/Jan/2006:14:13:38 :: 8399] starting
[31/Jan/2006:14:13:42 :: 8401] starting
[31/Jan/2006:14:19:41 :: 8401] asked to terminate immediately
[31/Jan/2006:14:19:41 :: 8401] terminated by explicit exit
[31/Jan/2006:14:23:19 :: 8411] starting
[31/Jan/2006:14:25:00 :: 8411] asked to terminate immediately
[31/Jan/2006:14:25:51 :: 8421] starting
[31/Jan/2006:14:30:04 :: 8421] asked to terminate immediately
[31/Jan/2006:14:30:04 :: 8421] terminated by explicit exit
[31/Jan/2006:14:32:27 :: 8431] starting
[31/Jan/2006:14:35:07 :: 8431] asked to terminate immediately
[31/Jan/2006:14:35:07 :: 8431] terminated by explicit exit
[31/Jan/2006:14:38:38 :: 8438] starting
[31/Jan/2006:14:40:33 :: 8438] asked to terminate immediately
[31/Jan/2006:14:40:33 :: 8438] terminated by explicit exit
[31/Jan/2006:14:44:42 :: 8446] starting
[31/Jan/2006:14:45:41 :: 8446] asked to terminate immediately
[31/Jan/2006:14:45:41 :: 8446] terminated by explicit exit
[31/Jan/2006:14:52:33 :: 8399] asked to terminate immediately
[31/Jan/2006:14:52:33 :: 8399] terminated by explicit exit
[31/Jan/2006:14:57:33 :: 8398] asked to terminate immediately
[31/Jan/2006:14:57:33 :: 8398] terminated by explicit exit
[31/Jan/2006:15:02:33 :: 8397] asked to terminate immediately
[31/Jan/2006:15:02:33 :: 8397] terminated by explicit exit
[31/Jan/2006:15:07:33 :: 8396] asked to terminate immediately
[31/Jan/2006:15:07:33 :: 8396] terminated by explicit exit
[31/Jan/2006:15:12:33 :: 8395] asked to terminate immediately
[31/Jan/2006:15:12:33 :: 8395] terminated by explicit exit
[31/Jan/2006:15:17:34 :: 8394] asked to terminate immediately
[31/Jan/2006:15:17:34 :: 8394] terminated by explicit exit
[31/Jan/2006:15:22:56 :: 8391] asked to terminate immediately
[31/Jan/2006:15:22:56 :: 8391] terminated by explicit exit
[31/Jan/2006:15:28:18 :: 8390] asked to terminate immediately
[31/Jan/2006:15:28:18 :: 8390] terminated by explicit exit
[31/Jan/2006:15:56:18 :: 8554] starting
[31/Jan/2006:15:56:25 :: 8555] starting
[31/Jan/2006:16:02:32 :: 8555] asked to terminate immediately
[31/Jan/2006:16:02:32 :: 8555] terminated by explicit exit
[31/Jan/2006:16:07:32 :: 8554] asked to terminate immediately
[31/Jan/2006:16:07:32 :: 8554] terminated by explicit exit
[31/Jan/2006:19:05:57 :: 8817] starting
[31/Jan/2006:19:11:10 :: 8817] asked to terminate immediately
[31/Jan/2006:19:11:10 :: 8817] terminated by explicit exit
[31/Jan/2006:19:38:15 :: 8858] starting
[31/Jan/2006:19:42:01 :: 8858] asked to terminate immediately
[31/Jan/2006:19:42:01 :: 8858] terminated by explicit exit
[31/Jan/2006:19:50:52 :: 8880] starting
[31/Jan/2006:19:50:58 :: 8881] starting
[31/Jan/2006:19:52:26 :: 8881] asked to terminate immediately
[31/Jan/2006:19:52:26 :: 8881] terminated by explicit exit
[31/Jan/2006:19:55:09 :: 8885] starting
[31/Jan/2006:19:57:26 :: 8885] asked to terminate immediately
[31/Jan/2006:19:57:26 :: 8885] terminated by explicit exit
[31/Jan/2006:20:02:33 :: 8880] asked to terminate immediately
[31/Jan/2006:20:02:33 :: 8880] terminated by explicit exit
[31/Jan/2006:20:06:24 :: 8910] starting
[31/Jan/2006:20:06:32 :: 8911] starting
[31/Jan/2006:20:12:22 :: 8911] asked to terminate immediately
[31/Jan/2006:20:12:22 :: 8911] terminated by explicit exit
[31/Jan/2006:20:22:21 :: 8910] asked to terminate immediately
[31/Jan/2006:20:22:21 :: 8910] terminated by explicit exit
[01/Feb/2006:19:33:30 :: 18848] starting
[01/Feb/2006:19:33:36 :: 18849] starting
[01/Feb/2006:19:40:46 :: 18849] asked to terminate immediately
[01/Feb/2006:19:40:46 :: 18849] terminated by explicit exit
[01/Feb/2006:19:52:16 :: 18848] asked to terminate immediately
[01/Feb/2006:19:52:16 :: 18848] terminated by explicit exit
[03/Feb/2006:01:27:38 :: 5713] asked to terminate immediately
[03/Feb/2006:01:27:38 :: 5713] terminated by explicit exit
[03/Feb/2006:01:31:17 :: 8701] starting
[04/Feb/2006:19:18:37 :: 17537] asked to terminate immediately
[04/Feb/2006:19:18:37 :: 17537] terminated by explicit exit
[04/Feb/2006:19:18:44 :: 17625] starting
[04/Feb/2006:19:20:49 :: 8701] asked to terminate immediately
[04/Feb/2006:19:20:49 :: 8701] terminated by explicit exit
[04/Feb/2006:19:21:35 :: 17625] asked to terminate immediately
[04/Feb/2006:19:21:35 :: 17625] terminated by explicit exit
[04/Feb/2006:19:22:01 :: 17661] starting
[04/Feb/2006:19:34:10 :: 17661] asked to terminate immediately
[04/Feb/2006:19:34:10 :: 17661] terminated by explicit exit
[04/Feb/2006:19:34:16 :: 17720] starting
[05/Feb/2006:00:00:02 :: 17720] asked to terminate immediately
[05/Feb/2006:00:00:02 :: 17720] terminated by explicit exit
[05/Feb/2006:00:00:07 :: 18136] starting
[05/Feb/2006:00:04:34 :: 18136] asked to terminate immediately
[05/Feb/2006:00:04:34 :: 18136] terminated by explicit exit
[05/Feb/2006:00:12:01 :: 2129] starting
[05/Feb/2006:11:55:05 :: 2129] asked to terminate immediately
[05/Feb/2006:11:55:05 :: 2129] terminated by explicit exit
[05/Feb/2006:12:09:46 :: 4351] starting
[05/Feb/2006:12:26:50 :: 4351] asked to terminate immediately
[05/Feb/2006:12:26:50 :: 4351] terminated by explicit exit
[05/Feb/2006:12:26:55 :: 4438] starting
[05/Feb/2006:12:58:02 :: 4438] asked to terminate immediately
[05/Feb/2006:12:58:02 :: 4438] terminated by explicit exit
[05/Feb/2006:12:58:06 :: 4552] starting
[05/Feb/2006:13:10:46 :: 4552] asked to terminate immediately
[05/Feb/2006:13:10:46 :: 4552] terminated by explicit exit
[05/Feb/2006:13:12:36 :: 4600] starting
[05/Feb/2006:13:29:53 :: 4600] asked to terminate immediately
[05/Feb/2006:13:29:53 :: 4600] terminated by explicit exit
[05/Feb/2006:13:29:59 :: 4670] starting
[05/Feb/2006:13:34:03 :: 4670] asked to terminate immediately
[05/Feb/2006:13:34:03 :: 4670] terminated by explicit exit
[05/Feb/2006:13:34:07 :: 4693] starting
[05/Feb/2006:13:35:21 :: 4693] asked to terminate immediately
[05/Feb/2006:13:35:21 :: 4693] terminated by explicit exit
[05/Feb/2006:13:35:24 :: 4716] starting
[05/Feb/2006:17:58:46 :: 14680] asked to terminate immediately
[05/Feb/2006:17:58:46 :: 14680] terminated by explicit exit
[05/Feb/2006:17:58:46 :: 14678] asked to terminate immediately
[05/Feb/2006:17:58:46 :: 14678] terminated by explicit exit
[05/Feb/2006:17:58:50 :: 14709] starting
[05/Feb/2006:17:58:51 :: 14707] starting
[07/Feb/2006:01:11:38 :: 6267] starting
[07/Feb/2006:01:11:43 :: 6269] starting
[07/Feb/2006:01:17:14 :: 6269] asked to terminate immediately
[07/Feb/2006:01:17:14 :: 6269] terminated by explicit exit
[07/Feb/2006:01:18:05 :: 6267] asked to terminate immediately
[07/Feb/2006:01:18:05 :: 6267] terminated by explicit exit
[07/Feb/2006:01:18:22 :: 6300] starting
[07/Feb/2006:01:18:29 :: 6301] starting
[07/Feb/2006:01:28:11 :: 6301] asked to terminate immediately
[07/Feb/2006:01:28:11 :: 6301] terminated by explicit exit
[07/Feb/2006:01:42:04 :: 6300] Dispatcher failed to catch: bad content body (EOFError)
  /opt/local/lib/ruby/1.8/cgi.rb:1021:in `read_multipart'
  /opt/local/lib/ruby/1.8/cgi.rb:984:in `read_multipart'
  /opt/local/lib/ruby/gems/1.8/gems/actionpack-1.11.2/lib/action_controller/cgi_ext/raw_post_data_fix.rb:20:in `initialize_query'
  /opt/local/lib/ruby/1.8/cgi.rb:2270:in `initialize'
  (eval):16:in `initialize'
  /opt/local/lib/ruby/gems/1.8/gems/fcgi-0.8.6.1/./fcgi.rb:600:in `each_cgi'
  /opt/local/lib/ruby/gems/1.8/gems/fcgi-0.8.6.1/./fcgi.rb:597:in `each_cgi'
  /opt/local/lib/ruby/gems/1.8/gems/rails-1.0.0/lib/fcgi_handler.rb:52:in `process!'
  /opt/local/lib/ruby/gems/1.8/gems/rails-1.0.0/lib/fcgi_handler.rb:22:in `process!'
  /Users/sohara/Sites/qwf/public/dispatch.fcgi:24
almost killed by this error
[07/Feb/2006:01:42:10 :: 6325] starting
[07/Feb/2006:01:42:14 :: 6326] starting
[07/Feb/2006:01:42:19 :: 6327] starting
[07/Feb/2006:01:42:32 :: 6328] starting
[07/Feb/2006:01:42:38 :: 6329] starting
[07/Feb/2006:01:42:40 :: 6330] starting
[07/Feb/2006:01:42:40 :: 6333] starting
[07/Feb/2006:01:42:41 :: 6334] starting
[07/Feb/2006:01:42:42 :: 6335] starting
[07/Feb/2006:01:43:22 :: 6335] asked to terminate immediately
[07/Feb/2006:01:43:22 :: 6335] terminated by explicit exit
[07/Feb/2006:01:48:22 :: 6334] asked to terminate immediately
[07/Feb/2006:01:48:22 :: 6334] terminated by explicit exit
[07/Feb/2006:01:53:22 :: 6333] asked to terminate immediately
[07/Feb/2006:01:53:22 :: 6333] terminated by explicit exit
[07/Feb/2006:01:58:22 :: 6330] asked to terminate immediately
[07/Feb/2006:01:58:22 :: 6330] terminated by explicit exit
[07/Feb/2006:02:03:22 :: 6329] asked to terminate immediately
[07/Feb/2006:02:03:22 :: 6329] terminated by explicit exit
[07/Feb/2006:02:08:22 :: 6328] asked to terminate immediately
[07/Feb/2006:02:08:22 :: 6328] terminated by explicit exit
[07/Feb/2006:02:13:22 :: 6327] asked to terminate immediately
[07/Feb/2006:02:13:22 :: 6327] terminated by explicit exit
[07/Feb/2006:02:18:22 :: 6326] asked to terminate immediately
[07/Feb/2006:02:18:22 :: 6326] terminated by explicit exit
[07/Feb/2006:02:23:22 :: 6325] asked to terminate immediately
[07/Feb/2006:02:23:22 :: 6325] terminated by explicit exit
[07/Feb/2006:10:15:00 :: 12258] starting
[07/Feb/2006:10:18:27 :: 12258] asked to terminate immediately
[07/Feb/2006:10:18:27 :: 12258] terminated by explicit exit
[07/Feb/2006:11:04:32 :: 6300] Dispatcher failed to catch: bad content body (EOFError)
  /opt/local/lib/ruby/1.8/cgi.rb:1021:in `read_multipart'
  /opt/local/lib/ruby/1.8/cgi.rb:984:in `read_multipart'
  /opt/local/lib/ruby/gems/1.8/gems/actionpack-1.11.2/lib/action_controller/cgi_ext/raw_post_data_fix.rb:20:in `initialize_query'
  /opt/local/lib/ruby/1.8/cgi.rb:2270:in `initialize'
  (eval):16:in `initialize'
  /opt/local/lib/ruby/gems/1.8/gems/fcgi-0.8.6.1/./fcgi.rb:600:in `each_cgi'
  /opt/local/lib/ruby/gems/1.8/gems/fcgi-0.8.6.1/./fcgi.rb:597:in `each_cgi'
  /opt/local/lib/ruby/gems/1.8/gems/rails-1.0.0/lib/fcgi_handler.rb:52:in `process!'
  /opt/local/lib/ruby/gems/1.8/gems/rails-1.0.0/lib/fcgi_handler.rb:22:in `process!'
  /Users/sohara/Sites/qwf/public/dispatch.fcgi:24
almost killed by this error
[07/Feb/2006:11:04:44 :: 12310] starting
[07/Feb/2006:11:04:49 :: 12311] starting
[07/Feb/2006:11:04:51 :: 12312] starting
[07/Feb/2006:11:04:56 :: 12313] starting
[07/Feb/2006:11:05:03 :: 12314] starting
[07/Feb/2006:11:05:08 :: 12317] starting
[07/Feb/2006:11:08:38 :: 12317] asked to terminate immediately
[07/Feb/2006:11:08:38 :: 12317] terminated by explicit exit
[07/Feb/2006:11:09:25 :: 12329] starting
[07/Feb/2006:11:13:40 :: 12329] asked to terminate immediately
[07/Feb/2006:11:13:40 :: 12329] terminated by explicit exit
[07/Feb/2006:11:16:05 :: 12338] starting
[07/Feb/2006:11:16:08 :: 12340] starting
[07/Feb/2006:11:18:48 :: 12340] asked to terminate immediately
[07/Feb/2006:11:18:48 :: 12340] terminated by explicit exit
[07/Feb/2006:11:23:50 :: 12338] asked to terminate immediately
[07/Feb/2006:11:23:50 :: 12338] terminated by explicit exit
[07/Feb/2006:11:28:51 :: 12314] asked to terminate immediately
[07/Feb/2006:11:28:51 :: 12314] terminated by explicit exit
[07/Feb/2006:11:33:52 :: 12313] asked to terminate immediately
[07/Feb/2006:11:33:52 :: 12313] terminated by explicit exit
[07/Feb/2006:11:36:00 :: 12312] Dispatcher failed to catch: bad content body (EOFError)
  /opt/local/lib/ruby/1.8/cgi.rb:1021:in `read_multipart'
  /opt/local/lib/ruby/1.8/cgi.rb:984:in `read_multipart'
  /opt/local/lib/ruby/gems/1.8/gems/actionpack-1.11.2/lib/action_controller/cgi_ext/raw_post_data_fix.rb:20:in `initialize_query'
  /opt/local/lib/ruby/1.8/cgi.rb:2270:in `initialize'
  (eval):16:in `initialize'
  /opt/local/lib/ruby/gems/1.8/gems/fcgi-0.8.6.1/./fcgi.rb:600:in `each_cgi'
  /opt/local/lib/ruby/gems/1.8/gems/fcgi-0.8.6.1/./fcgi.rb:597:in `each_cgi'
  /opt/local/lib/ruby/gems/1.8/gems/rails-1.0.0/lib/fcgi_handler.rb:52:in `process!'
  /opt/local/lib/ruby/gems/1.8/gems/rails-1.0.0/lib/fcgi_handler.rb:22:in `process!'
  /Users/sohara/Sites/qwf/public/dispatch.fcgi:24
almost killed by this error
[07/Feb/2006:11:36:11 :: 12363] starting
[07/Feb/2006:11:36:14 :: 12365] starting
[07/Feb/2006:11:36:20 :: 12366] starting
[07/Feb/2006:11:36:27 :: 12367] starting
[07/Feb/2006:11:36:33 :: 12369] starting
[07/Feb/2006:11:36:39 :: 12371] starting
[07/Feb/2006:11:38:17 :: 12311] Dispatcher failed to catch: bad content body (EOFError)
  /opt/local/lib/ruby/1.8/cgi.rb:1021:in `read_multipart'
  /opt/local/lib/ruby/1.8/cgi.rb:984:in `read_multipart'
  /opt/local/lib/ruby/gems/1.8/gems/actionpack-1.11.2/lib/action_controller/cgi_ext/raw_post_data_fix.rb:20:in `initialize_query'
  /opt/local/lib/ruby/1.8/cgi.rb:2270:in `initialize'
  (eval):16:in `initialize'
  /opt/local/lib/ruby/gems/1.8/gems/fcgi-0.8.6.1/./fcgi.rb:600:in `each_cgi'
  /opt/local/lib/ruby/gems/1.8/gems/fcgi-0.8.6.1/./fcgi.rb:597:in `each_cgi'
  /opt/local/lib/ruby/gems/1.8/gems/rails-1.0.0/lib/fcgi_handler.rb:52:in `process!'
  /opt/local/lib/ruby/gems/1.8/gems/rails-1.0.0/lib/fcgi_handler.rb:22:in `process!'
  /Users/sohara/Sites/qwf/public/dispatch.fcgi:24
almost killed by this error
[07/Feb/2006:11:39:16 :: 12371] asked to terminate immediately
[07/Feb/2006:11:39:16 :: 12371] terminated by explicit exit
[07/Feb/2006:11:44:22 :: 12369] asked to terminate immediately
[07/Feb/2006:11:44:22 :: 12369] terminated by explicit exit
[07/Feb/2006:11:49:22 :: 12367] asked to terminate immediately
[07/Feb/2006:11:49:22 :: 12367] terminated by explicit exit
[07/Feb/2006:11:54:25 :: 12366] asked to terminate immediately
[07/Feb/2006:11:54:25 :: 12366] terminated by explicit exit
[07/Feb/2006:11:59:27 :: 12365] asked to terminate immediately
[07/Feb/2006:11:59:27 :: 12365] terminated by explicit exit
[07/Feb/2006:12:04:31 :: 12363] asked to terminate immediately
[07/Feb/2006:12:04:31 :: 12363] terminated by explicit exit
[07/Feb/2006:12:09:31 :: 12312] asked to terminate immediately
[07/Feb/2006:12:09:31 :: 12312] terminated by explicit exit
[07/Feb/2006:12:14:31 :: 12311] asked to terminate immediately
[07/Feb/2006:12:14:31 :: 12311] terminated by explicit exit
[07/Feb/2006:12:19:31 :: 12310] asked to terminate immediately
[07/Feb/2006:12:19:31 :: 12310] terminated by explicit exit
[07/Feb/2006:13:06:18 :: 12479] starting
[07/Feb/2006:13:09:47 :: 12479] asked to terminate immediately
[07/Feb/2006:13:09:47 :: 12479] terminated by explicit exit
[07/Feb/2006:15:10:05 :: 12637] starting
[07/Feb/2006:15:14:49 :: 12637] asked to terminate immediately
[07/Feb/2006:15:14:49 :: 12637] terminated by explicit exit
[08/Feb/2006:01:07:33 :: 13324] starting
[08/Feb/2006:01:09:49 :: 13324] asked to terminate immediately
[08/Feb/2006:01:09:49 :: 13324] terminated by explicit exit
